0 info it worked if it ends with ok
1 verbose cli [ '/Users/yampro/.nodebrew/node/v4.4.3/bin/node',
1 verbose cli   '/Users/yampro/.nodebrew/current/bin/npm',
1 verbose cli   'start' ]
2 info using npm@3.8.7
3 info using node@v4.4.3
4 verbose stack Error: Failed to parse json
4 verbose stack No value found for key main at 5:11
4 verbose stack   "main": main.js",
4 verbose stack           ^
4 verbose stack     at parseError (/Users/yampro/.nodebrew/node/v4.4.3/lib/node_modules/npm/node_modules/read-package-json/read-json.js:379:11)
4 verbose stack     at parseJson (/Users/yampro/.nodebrew/node/v4.4.3/lib/node_modules/npm/node_modules/read-package-json/read-json.js:68:23)
4 verbose stack     at /Users/yampro/.nodebrew/node/v4.4.3/lib/node_modules/npm/node_modules/read-package-json/read-json.js:48:5
4 verbose stack     at /Users/yampro/.nodebrew/node/v4.4.3/lib/node_modules/npm/node_modules/graceful-fs/graceful-fs.js:78:16
4 verbose stack     at FSReqWrap.readFileAfterClose [as oncomplete] (fs.js:380:3)
5 verbose cwd /Users/yampro/Dropbox/src/nodejs/arduino_serial
6 error Darwin 15.4.0
7 error argv "/Users/yampro/.nodebrew/node/v4.4.3/bin/node" "/Users/yampro/.nodebrew/current/bin/npm" "start"
8 error node v4.4.3
9 error npm  v3.8.7
10 error file /Users/yampro/Dropbox/src/nodejs/arduino_serial/package.json
11 error code EJSONPARSE
12 error Failed to parse json
12 error No value found for key main at 5:11
12 error   "main": main.js",
12 error           ^
13 error File: /Users/yampro/Dropbox/src/nodejs/arduino_serial/package.json
14 error Failed to parse package.json data.
14 error package.json must be actual JSON, not just JavaScript.
14 error
14 error This is not a bug in npm.
14 error Tell the package author to fix their package.json file. JSON.parse
15 verbose exit [ 1, true ]
